{"date":"Thu Mar 21 2024 14:21:50 GMT+0800 (Philippine Standard Time)","error":{"diagnosticCodes":[2304,2552,2552,2552,2552,2552,2552,2552,2552,2304,2304,1109]},"exception":true,"level":"error","message":"uncaughtException: ⨯ Unable to compile TypeScript:\n\u001b[96msrc/routes/book.route.ts\u001b[0m:\u001b[93m9\u001b[0m:\u001b[93m24\u001b[0m - \u001b[91merror\u001b[0m\u001b[90m TS2304: \u001b[0mCannot find name 'logger'.\n\n\u001b[7m9\u001b[0m   func(req, res, next, logger);\n\u001b[7m \u001b[0m \u001b[91m                       ~~~~~~\u001b[0m\n\u001b[96msrc/routes/book.route.ts\u001b[0m:\u001b[93m14\u001b[0m:\u001b[93m3\u001b[0m - \u001b[91merror\u001b[0m\u001b[90m TS2552: \u001b[0mCannot find name 'logger'. Did you mean 'Logger'?\n\n\u001b[7m14\u001b[0m   logger.log({\n\u001b[7m  \u001b[0m \u001b[91m  ~~~~~~\u001b[0m\n\u001b[96msrc/routes/book.route.ts\u001b[0m:\u001b[93m44\u001b[0m:\u001b[93m5\u001b[0m - \u001b[91merror\u001b[0m\u001b[90m TS2552: \u001b[0mCannot find name 'logger'. Did you mean 'Logger'?\n\n\u001b[7m44\u001b[0m     logger.log({\n\u001b[7m  \u001b[0m \u001b[91m    ~~~~~~\u001b[0m\n\u001b[96msrc/routes/book.route.ts\u001b[0m:\u001b[93m65\u001b[0m:\u001b[93m5\u001b[0m - \u001b[91merror\u001b[0m\u001b[90m TS2552: \u001b[0mCannot find name 'logger'. Did you mean 'Logger'?\n\n\u001b[7m65\u001b[0m     logger.log({\n\u001b[7m  \u001b[0m \u001b[91m    ~~~~~~\u001b[0m\n\u001b[96msrc/routes/book.route.ts\u001b[0m:\u001b[93m75\u001b[0m:\u001b[93m3\u001b[0m - \u001b[91merror\u001b[0m\u001b[90m TS2552: \u001b[0mCannot find name 'logger'. Did you mean 'Logger'?\n\n\u001b[7m75\u001b[0m   logger.log({\n\u001b[7m  \u001b[0m \u001b[91m  ~~~~~~\u001b[0m\n\u001b[96msrc/routes/book.route.ts\u001b[0m:\u001b[93m90\u001b[0m:\u001b[93m5\u001b[0m - \u001b[91merror\u001b[0m\u001b[90m TS2552: \u001b[0mCannot find name 'logger'. Did you mean 'Logger'?\n\n\u001b[7m90\u001b[0m     logger.log({\n\u001b[7m  \u001b[0m \u001b[91m    ~~~~~~\u001b[0m\n\u001b[96msrc/routes/book.route.ts\u001b[0m:\u001b[93m106\u001b[0m:\u001b[93m3\u001b[0m - \u001b[91merror\u001b[0m\u001b[90m TS2552: \u001b[0mCannot find name 'logger'. Did you mean 'Logger'?\n\n\u001b[7m106\u001b[0m   logger.log({\n\u001b[7m   \u001b[0m \u001b[91m  ~~~~~~\u001b[0m\n\u001b[96msrc/routes/book.route.ts\u001b[0m:\u001b[93m121\u001b[0m:\u001b[93m5\u001b[0m - \u001b[91merror\u001b[0m\u001b[90m TS2552: \u001b[0mCannot find name 'logger'. Did you mean 'Logger'?\n\n\u001b[7m121\u001b[0m     logger.log({\n\u001b[7m   \u001b[0m \u001b[91m    ~~~~~~\u001b[0m\n\u001b[96msrc/routes/book.route.ts\u001b[0m:\u001b[93m134\u001b[0m:\u001b[93m3\u001b[0m - \u001b[91merror\u001b[0m\u001b[90m TS2552: \u001b[0mCannot find name 'logger'. Did you mean 'Logger'?\n\n\u001b[7m134\u001b[0m   logger.log({\n\u001b[7m   \u001b[0m \u001b[91m  ~~~~~~\u001b[0m\n\u001b[96msrc/routes/book.route.ts\u001b[0m:\u001b[93m144\u001b[0m:\u001b[93m1\u001b[0m - \u001b[91merror\u001b[0m\u001b[90m TS2304: \u001b[0mCannot find name 'next'.\n\n\u001b[7m144\u001b[0m next();\n\u001b[7m   \u001b[0m \u001b[91m~~~~\u001b[0m\n\u001b[96msrc/routes/book.route.ts\u001b[0m:\u001b[93m146\u001b[0m:\u001b[93m16\u001b[0m - \u001b[91merror\u001b[0m\u001b[90m TS2304: \u001b[0mCannot find name 'BookV1Route'.\n\n\u001b[7m146\u001b[0m export default BookV1Route;\n\u001b[7m   \u001b[0m \u001b[91m               ~~~~~~~~~~~\u001b[0m\n\u001b[96msrc/routes/book.route.ts\u001b[0m:\u001b[93m11\u001b[0m:\u001b[93m12\u001b[0m - \u001b[91merror\u001b[0m\u001b[90m TS1109: \u001b[0mExpression expected.\n\n\u001b[7m11\u001b[0m route.use(())\n\u001b[7m  \u001b[0m \u001b[91m           ~\u001b[0m\n\nTSError: ⨯ Unable to compile TypeScript:\n\u001b[96msrc/routes/book.route.ts\u001b[0m:\u001b[93m9\u001b[0m:\u001b[93m24\u001b[0m - \u001b[91merror\u001b[0m\u001b[90m TS2304: \u001b[0mCannot find name 'logger'.\n\n\u001b[7m9\u001b[0m   func(req, res, next, logger);\n\u001b[7m \u001b[0m \u001b[91m                       ~~~~~~\u001b[0m\n\u001b[96msrc/routes/book.route.ts\u001b[0m:\u001b[93m14\u001b[0m:\u001b[93m3\u001b[0m - \u001b[91merror\u001b[0m\u001b[90m TS2552: \u001b[0mCannot find name 'logger'. Did you mean 'Logger'?\n\n\u001b[7m14\u001b[0m   logger.log({\n\u001b[7m  \u001b[0m \u001b[91m  ~~~~~~\u001b[0m\n\u001b[96msrc/routes/book.route.ts\u001b[0m:\u001b[93m44\u001b[0m:\u001b[93m5\u001b[0m - \u001b[91merror\u001b[0m\u001b[90m TS2552: \u001b[0mCannot find name 'logger'. Did you mean 'Logger'?\n\n\u001b[7m44\u001b[0m     logger.log({\n\u001b[7m  \u001b[0m \u001b[91m    ~~~~~~\u001b[0m\n\u001b[96msrc/routes/book.route.ts\u001b[0m:\u001b[93m65\u001b[0m:\u001b[93m5\u001b[0m - \u001b[91merror\u001b[0m\u001b[90m TS2552: \u001b[0mCannot find name 'logger'. Did you mean 'Logger'?\n\n\u001b[7m65\u001b[0m     logger.log({\n\u001b[7m  \u001b[0m \u001b[91m    ~~~~~~\u001b[0m\n\u001b[96msrc/routes/book.route.ts\u001b[0m:\u001b[93m75\u001b[0m:\u001b[93m3\u001b[0m - \u001b[91merror\u001b[0m\u001b[90m TS2552: \u001b[0mCannot find name 'logger'. Did you mean 'Logger'?\n\n\u001b[7m75\u001b[0m   logger.log({\n\u001b[7m  \u001b[0m \u001b[91m  ~~~~~~\u001b[0m\n\u001b[96msrc/routes/book.route.ts\u001b[0m:\u001b[93m90\u001b[0m:\u001b[93m5\u001b[0m - \u001b[91merror\u001b[0m\u001b[90m TS2552: \u001b[0mCannot find name 'logger'. Did you mean 'Logger'?\n\n\u001b[7m90\u001b[0m     logger.log({\n\u001b[7m  \u001b[0m \u001b[91m    ~~~~~~\u001b[0m\n\u001b[96msrc/routes/book.route.ts\u001b[0m:\u001b[93m106\u001b[0m:\u001b[93m3\u001b[0m - \u001b[91merror\u001b[0m\u001b[90m TS2552: \u001b[0mCannot find name 'logger'. Did you mean 'Logger'?\n\n\u001b[7m106\u001b[0m   logger.log({\n\u001b[7m   \u001b[0m \u001b[91m  ~~~~~~\u001b[0m\n\u001b[96msrc/routes/book.route.ts\u001b[0m:\u001b[93m121\u001b[0m:\u001b[93m5\u001b[0m - \u001b[91merror\u001b[0m\u001b[90m TS2552: \u001b[0mCannot find name 'logger'. Did you mean 'Logger'?\n\n\u001b[7m121\u001b[0m     logger.log({\n\u001b[7m   \u001b[0m \u001b[91m    ~~~~~~\u001b[0m\n\u001b[96msrc/routes/book.route.ts\u001b[0m:\u001b[93m134\u001b[0m:\u001b[93m3\u001b[0m - \u001b[91merror\u001b[0m\u001b[90m TS2552: \u001b[0mCannot find name 'logger'. Did you mean 'Logger'?\n\n\u001b[7m134\u001b[0m   logger.log({\n\u001b[7m   \u001b[0m \u001b[91m  ~~~~~~\u001b[0m\n\u001b[96msrc/routes/book.route.ts\u001b[0m:\u001b[93m144\u001b[0m:\u001b[93m1\u001b[0m - \u001b[91merror\u001b[0m\u001b[90m TS2304: \u001b[0mCannot find name 'next'.\n\n\u001b[7m144\u001b[0m next();\n\u001b[7m   \u001b[0m \u001b[91m~~~~\u001b[0m\n\u001b[96msrc/routes/book.route.ts\u001b[0m:\u001b[93m146\u001b[0m:\u001b[93m16\u001b[0m - \u001b[91merror\u001b[0m\u001b[90m TS2304: \u001b[0mCannot find name 'BookV1Route'.\n\n\u001b[7m146\u001b[0m export default BookV1Route;\n\u001b[7m   \u001b[0m \u001b[91m               ~~~~~~~~~~~\u001b[0m\n\u001b[96msrc/routes/book.route.ts\u001b[0m:\u001b[93m11\u001b[0m:\u001b[93m12\u001b[0m - \u001b[91merror\u001b[0m\u001b[90m TS1109: \u001b[0mExpression expected.\n\n\u001b[7m11\u001b[0m route.use(())\n\u001b[7m  \u001b[0m \u001b[91m           ~\u001b[0m\n\n    at createTSError (/Users/vincent.llauderes/Desktop/llauderes-restapi-poc/node_modules/ts-node/src/index.ts:859:12)\n    at reportTSError (/Users/vincent.llauderes/Desktop/llauderes-restapi-poc/node_modules/ts-node/src/index.ts:863:19)\n    at getOutput (/Users/vincent.llauderes/Desktop/llauderes-restapi-poc/node_modules/ts-node/src/index.ts:1077:36)\n    at Object.compile (/Users/vincent.llauderes/Desktop/llauderes-restapi-poc/node_modules/ts-node/src/index.ts:1433:41)\n    at Module.m._compile (/Users/vincent.llauderes/Desktop/llauderes-restapi-poc/node_modules/ts-node/src/index.ts:1617:30)\n    at Module._extensions..js (node:internal/modules/cjs/loader:1310:10)\n    at Object.require.extensions.<computed> [as .ts] (/Users/vincent.llauderes/Desktop/llauderes-restapi-poc/node_modules/ts-node/src/index.ts:1621:12)\n    at Module.load (node:internal/modules/cjs/loader:1119:32)\n    at Function.Module._load (node:internal/modules/cjs/loader:960:12)\n    at Module.require (node:internal/modules/cjs/loader:1143:19)","os":{"loadavg":[3.51220703125,4.0244140625,3.94482421875],"uptime":588933},"process":{"argv":["/Users/vincent.llauderes/Desktop/llauderes-restapi-poc/node_modules/.bin/ts-node","/Users/vincent.llauderes/Desktop/llauderes-restapi-poc/src/index.ts"],"cwd":"/Users/vincent.llauderes/Desktop/llauderes-restapi-poc","execPath":"/Users/vincent.llauderes/.nvm/versions/node/v18.18.0/bin/node","gid":20,"memoryUsage":{"arrayBuffers":2627528,"external":4037326,"heapTotal":149340160,"heapUsed":123546928,"rss":258490368},"pid":40691,"uid":504,"version":"v18.18.0"},"service":"llauderes-restapi","stack":"TSError: ⨯ Unable to compile TypeScript:\n\u001b[96msrc/routes/book.route.ts\u001b[0m:\u001b[93m9\u001b[0m:\u001b[93m24\u001b[0m - \u001b[91merror\u001b[0m\u001b[90m TS2304: \u001b[0mCannot find name 'logger'.\n\n\u001b[7m9\u001b[0m   func(req, res, next, logger);\n\u001b[7m \u001b[0m \u001b[91m                       ~~~~~~\u001b[0m\n\u001b[96msrc/routes/book.route.ts\u001b[0m:\u001b[93m14\u001b[0m:\u001b[93m3\u001b[0m - \u001b[91merror\u001b[0m\u001b[90m TS2552: \u001b[0mCannot find name 'logger'. Did you mean 'Logger'?\n\n\u001b[7m14\u001b[0m   logger.log({\n\u001b[7m  \u001b[0m \u001b[91m  ~~~~~~\u001b[0m\n\u001b[96msrc/routes/book.route.ts\u001b[0m:\u001b[93m44\u001b[0m:\u001b[93m5\u001b[0m - \u001b[91merror\u001b[0m\u001b[90m TS2552: \u001b[0mCannot find name 'logger'. Did you mean 'Logger'?\n\n\u001b[7m44\u001b[0m     logger.log({\n\u001b[7m  \u001b[0m \u001b[91m    ~~~~~~\u001b[0m\n\u001b[96msrc/routes/book.route.ts\u001b[0m:\u001b[93m65\u001b[0m:\u001b[93m5\u001b[0m - \u001b[91merror\u001b[0m\u001b[90m TS2552: \u001b[0mCannot find name 'logger'. Did you mean 'Logger'?\n\n\u001b[7m65\u001b[0m     logger.log({\n\u001b[7m  \u001b[0m \u001b[91m    ~~~~~~\u001b[0m\n\u001b[96msrc/routes/book.route.ts\u001b[0m:\u001b[93m75\u001b[0m:\u001b[93m3\u001b[0m - \u001b[91merror\u001b[0m\u001b[90m TS2552: \u001b[0mCannot find name 'logger'. Did you mean 'Logger'?\n\n\u001b[7m75\u001b[0m   logger.log({\n\u001b[7m  \u001b[0m \u001b[91m  ~~~~~~\u001b[0m\n\u001b[96msrc/routes/book.route.ts\u001b[0m:\u001b[93m90\u001b[0m:\u001b[93m5\u001b[0m - \u001b[91merror\u001b[0m\u001b[90m TS2552: \u001b[0mCannot find name 'logger'. Did you mean 'Logger'?\n\n\u001b[7m90\u001b[0m     logger.log({\n\u001b[7m  \u001b[0m \u001b[91m    ~~~~~~\u001b[0m\n\u001b[96msrc/routes/book.route.ts\u001b[0m:\u001b[93m106\u001b[0m:\u001b[93m3\u001b[0m - \u001b[91merror\u001b[0m\u001b[90m TS2552: \u001b[0mCannot find name 'logger'. Did you mean 'Logger'?\n\n\u001b[7m106\u001b[0m   logger.log({\n\u001b[7m   \u001b[0m \u001b[91m  ~~~~~~\u001b[0m\n\u001b[96msrc/routes/book.route.ts\u001b[0m:\u001b[93m121\u001b[0m:\u001b[93m5\u001b[0m - \u001b[91merror\u001b[0m\u001b[90m TS2552: \u001b[0mCannot find name 'logger'. Did you mean 'Logger'?\n\n\u001b[7m121\u001b[0m     logger.log({\n\u001b[7m   \u001b[0m \u001b[91m    ~~~~~~\u001b[0m\n\u001b[96msrc/routes/book.route.ts\u001b[0m:\u001b[93m134\u001b[0m:\u001b[93m3\u001b[0m - \u001b[91merror\u001b[0m\u001b[90m TS2552: \u001b[0mCannot find name 'logger'. Did you mean 'Logger'?\n\n\u001b[7m134\u001b[0m   logger.log({\n\u001b[7m   \u001b[0m \u001b[91m  ~~~~~~\u001b[0m\n\u001b[96msrc/routes/book.route.ts\u001b[0m:\u001b[93m144\u001b[0m:\u001b[93m1\u001b[0m - \u001b[91merror\u001b[0m\u001b[90m TS2304: \u001b[0mCannot find name 'next'.\n\n\u001b[7m144\u001b[0m next();\n\u001b[7m   \u001b[0m \u001b[91m~~~~\u001b[0m\n\u001b[96msrc/routes/book.route.ts\u001b[0m:\u001b[93m146\u001b[0m:\u001b[93m16\u001b[0m - \u001b[91merror\u001b[0m\u001b[90m TS2304: \u001b[0mCannot find name 'BookV1Route'.\n\n\u001b[7m146\u001b[0m export default BookV1Route;\n\u001b[7m   \u001b[0m \u001b[91m               ~~~~~~~~~~~\u001b[0m\n\u001b[96msrc/routes/book.route.ts\u001b[0m:\u001b[93m11\u001b[0m:\u001b[93m12\u001b[0m - \u001b[91merror\u001b[0m\u001b[90m TS1109: \u001b[0mExpression expected.\n\n\u001b[7m11\u001b[0m route.use(())\n\u001b[7m  \u001b[0m \u001b[91m           ~\u001b[0m\n\n    at createTSError (/Users/vincent.llauderes/Desktop/llauderes-restapi-poc/node_modules/ts-node/src/index.ts:859:12)\n    at reportTSError (/Users/vincent.llauderes/Desktop/llauderes-restapi-poc/node_modules/ts-node/src/index.ts:863:19)\n    at getOutput (/Users/vincent.llauderes/Desktop/llauderes-restapi-poc/node_modules/ts-node/src/index.ts:1077:36)\n    at Object.compile (/Users/vincent.llauderes/Desktop/llauderes-restapi-poc/node_modules/ts-node/src/index.ts:1433:41)\n    at Module.m._compile (/Users/vincent.llauderes/Desktop/llauderes-restapi-poc/node_modules/ts-node/src/index.ts:1617:30)\n    at Module._extensions..js (node:internal/modules/cjs/loader:1310:10)\n    at Object.require.extensions.<computed> [as .ts] (/Users/vincent.llauderes/Desktop/llauderes-restapi-poc/node_modules/ts-node/src/index.ts:1621:12)\n    at Module.load (node:internal/modules/cjs/loader:1119:32)\n    at Function.Module._load (node:internal/modules/cjs/loader:960:12)\n    at Module.require (node:internal/modules/cjs/loader:1143:19)","trace":[{"column":12,"file":"/Users/vincent.llauderes/Desktop/llauderes-restapi-poc/node_modules/ts-node/src/index.ts","function":"createTSError","line":859,"method":null,"native":false},{"column":19,"file":"/Users/vincent.llauderes/Desktop/llauderes-restapi-poc/node_modules/ts-node/src/index.ts","function":"reportTSError","line":863,"method":null,"native":false},{"column":36,"file":"/Users/vincent.llauderes/Desktop/llauderes-restapi-poc/node_modules/ts-node/src/index.ts","function":"getOutput","line":1077,"method":null,"native":false},{"column":41,"file":"/Users/vincent.llauderes/Desktop/llauderes-restapi-poc/node_modules/ts-node/src/index.ts","function":"Object.compile","line":1433,"method":"compile","native":false},{"column":30,"file":"/Users/vincent.llauderes/Desktop/llauderes-restapi-poc/node_modules/ts-node/src/index.ts","function":"Module.m._compile","line":1617,"method":"_compile","native":false},{"column":10,"file":"node:internal/modules/cjs/loader","function":"Module._extensions..js","line":1310,"method":".js","native":false},{"column":12,"file":"/Users/vincent.llauderes/Desktop/llauderes-restapi-poc/node_modules/ts-node/src/index.ts","function":"Object.require.extensions.<computed> [as .ts]","line":1621,"method":"ts]","native":false},{"column":32,"file":"node:internal/modules/cjs/loader","function":"Module.load","line":1119,"method":"load","native":false},{"column":12,"file":"node:internal/modules/cjs/loader","function":"Module._load","line":960,"method":"_load","native":false},{"column":19,"file":"node:internal/modules/cjs/loader","function":"Module.require","line":1143,"method":"require","native":false}]}
{"date":"Thu Mar 21 2024 14:23:25 GMT+0800 (Philippine Standard Time)","error":{"diagnosticCodes":[2339,2304,2304]},"exception":true,"level":"error","message":"uncaughtException: ⨯ Unable to compile TypeScript:\n\u001b[96msrc/routes/book.route.ts\u001b[0m:\u001b[93m8\u001b[0m:\u001b[93m7\u001b[0m - \u001b[91merror\u001b[0m\u001b[90m TS2339: \u001b[0mProperty 'logger' does not exist on type 'Request<ParamsDictionary, any, any, ParsedQs, Record<string, any>>'.\n\n\u001b[7m8\u001b[0m   req.logger = logger;\n\u001b[7m \u001b[0m \u001b[91m      ~~~~~~\u001b[0m\n\u001b[96msrc/routes/book.route.ts\u001b[0m:\u001b[93m143\u001b[0m:\u001b[93m1\u001b[0m - \u001b[91merror\u001b[0m\u001b[90m TS2304: \u001b[0mCannot find name 'next'.\n\n\u001b[7m143\u001b[0m next();\n\u001b[7m   \u001b[0m \u001b[91m~~~~\u001b[0m\n\u001b[96msrc/routes/book.route.ts\u001b[0m:\u001b[93m145\u001b[0m:\u001b[93m16\u001b[0m - \u001b[91merror\u001b[0m\u001b[90m TS2304: \u001b[0mCannot find name 'BookV1Route'.\n\n\u001b[7m145\u001b[0m export default BookV1Route;\n\u001b[7m   \u001b[0m \u001b[91m               ~~~~~~~~~~~\u001b[0m\n\nTSError: ⨯ Unable to compile TypeScript:\n\u001b[96msrc/routes/book.route.ts\u001b[0m:\u001b[93m8\u001b[0m:\u001b[93m7\u001b[0m - \u001b[91merror\u001b[0m\u001b[90m TS2339: \u001b[0mProperty 'logger' does not exist on type 'Request<ParamsDictionary, any, any, ParsedQs, Record<string, any>>'.\n\n\u001b[7m8\u001b[0m   req.logger = logger;\n\u001b[7m \u001b[0m \u001b[91m      ~~~~~~\u001b[0m\n\u001b[96msrc/routes/book.route.ts\u001b[0m:\u001b[93m143\u001b[0m:\u001b[93m1\u001b[0m - \u001b[91merror\u001b[0m\u001b[90m TS2304: \u001b[0mCannot find name 'next'.\n\n\u001b[7m143\u001b[0m next();\n\u001b[7m   \u001b[0m \u001b[91m~~~~\u001b[0m\n\u001b[96msrc/routes/book.route.ts\u001b[0m:\u001b[93m145\u001b[0m:\u001b[93m16\u001b[0m - \u001b[91merror\u001b[0m\u001b[90m TS2304: \u001b[0mCannot find name 'BookV1Route'.\n\n\u001b[7m145\u001b[0m export default BookV1Route;\n\u001b[7m   \u001b[0m \u001b[91m               ~~~~~~~~~~~\u001b[0m\n\n    at createTSError (/Users/vincent.llauderes/Desktop/llauderes-restapi-poc/node_modules/ts-node/src/index.ts:859:12)\n    at reportTSError (/Users/vincent.llauderes/Desktop/llauderes-restapi-poc/node_modules/ts-node/src/index.ts:863:19)\n    at getOutput (/Users/vincent.llauderes/Desktop/llauderes-restapi-poc/node_modules/ts-node/src/index.ts:1077:36)\n    at Object.compile (/Users/vincent.llauderes/Desktop/llauderes-restapi-poc/node_modules/ts-node/src/index.ts:1433:41)\n    at Module.m._compile (/Users/vincent.llauderes/Desktop/llauderes-restapi-poc/node_modules/ts-node/src/index.ts:1617:30)\n    at Module._extensions..js (node:internal/modules/cjs/loader:1310:10)\n    at Object.require.extensions.<computed> [as .ts] (/Users/vincent.llauderes/Desktop/llauderes-restapi-poc/node_modules/ts-node/src/index.ts:1621:12)\n    at Module.load (node:internal/modules/cjs/loader:1119:32)\n    at Function.Module._load (node:internal/modules/cjs/loader:960:12)\n    at Module.require (node:internal/modules/cjs/loader:1143:19)","os":{"loadavg":[3.681640625,3.94140625,3.9169921875],"uptime":589028},"process":{"argv":["/Users/vincent.llauderes/Desktop/llauderes-restapi-poc/node_modules/.bin/ts-node","/Users/vincent.llauderes/Desktop/llauderes-restapi-poc/src/index.ts"],"cwd":"/Users/vincent.llauderes/Desktop/llauderes-restapi-poc","execPath":"/Users/vincent.llauderes/.nvm/versions/node/v18.18.0/bin/node","gid":20,"memoryUsage":{"arrayBuffers":2520320,"external":3930118,"heapTotal":148815872,"heapUsed":123543552,"rss":248299520},"pid":40814,"uid":504,"version":"v18.18.0"},"service":"llauderes-restapi","stack":"TSError: ⨯ Unable to compile TypeScript:\n\u001b[96msrc/routes/book.route.ts\u001b[0m:\u001b[93m8\u001b[0m:\u001b[93m7\u001b[0m - \u001b[91merror\u001b[0m\u001b[90m TS2339: \u001b[0mProperty 'logger' does not exist on type 'Request<ParamsDictionary, any, any, ParsedQs, Record<string, any>>'.\n\n\u001b[7m8\u001b[0m   req.logger = logger;\n\u001b[7m \u001b[0m \u001b[91m      ~~~~~~\u001b[0m\n\u001b[96msrc/routes/book.route.ts\u001b[0m:\u001b[93m143\u001b[0m:\u001b[93m1\u001b[0m - \u001b[91merror\u001b[0m\u001b[90m TS2304: \u001b[0mCannot find name 'next'.\n\n\u001b[7m143\u001b[0m next();\n\u001b[7m   \u001b[0m \u001b[91m~~~~\u001b[0m\n\u001b[96msrc/routes/book.route.ts\u001b[0m:\u001b[93m145\u001b[0m:\u001b[93m16\u001b[0m - \u001b[91merror\u001b[0m\u001b[90m TS2304: \u001b[0mCannot find name 'BookV1Route'.\n\n\u001b[7m145\u001b[0m export default BookV1Route;\n\u001b[7m   \u001b[0m \u001b[91m               ~~~~~~~~~~~\u001b[0m\n\n    at createTSError (/Users/vincent.llauderes/Desktop/llauderes-restapi-poc/node_modules/ts-node/src/index.ts:859:12)\n    at reportTSError (/Users/vincent.llauderes/Desktop/llauderes-restapi-poc/node_modules/ts-node/src/index.ts:863:19)\n    at getOutput (/Users/vincent.llauderes/Desktop/llauderes-restapi-poc/node_modules/ts-node/src/index.ts:1077:36)\n    at Object.compile (/Users/vincent.llauderes/Desktop/llauderes-restapi-poc/node_modules/ts-node/src/index.ts:1433:41)\n    at Module.m._compile (/Users/vincent.llauderes/Desktop/llauderes-restapi-poc/node_modules/ts-node/src/index.ts:1617:30)\n    at Module._extensions..js (node:internal/modules/cjs/loader:1310:10)\n    at Object.require.extensions.<computed> [as .ts] (/Users/vincent.llauderes/Desktop/llauderes-restapi-poc/node_modules/ts-node/src/index.ts:1621:12)\n    at Module.load (node:internal/modules/cjs/loader:1119:32)\n    at Function.Module._load (node:internal/modules/cjs/loader:960:12)\n    at Module.require (node:internal/modules/cjs/loader:1143:19)","trace":[{"column":12,"file":"/Users/vincent.llauderes/Desktop/llauderes-restapi-poc/node_modules/ts-node/src/index.ts","function":"createTSError","line":859,"method":null,"native":false},{"column":19,"file":"/Users/vincent.llauderes/Desktop/llauderes-restapi-poc/node_modules/ts-node/src/index.ts","function":"reportTSError","line":863,"method":null,"native":false},{"column":36,"file":"/Users/vincent.llauderes/Desktop/llauderes-restapi-poc/node_modules/ts-node/src/index.ts","function":"getOutput","line":1077,"method":null,"native":false},{"column":41,"file":"/Users/vincent.llauderes/Desktop/llauderes-restapi-poc/node_modules/ts-node/src/index.ts","function":"Object.compile","line":1433,"method":"compile","native":false},{"column":30,"file":"/Users/vincent.llauderes/Desktop/llauderes-restapi-poc/node_modules/ts-node/src/index.ts","function":"Module.m._compile","line":1617,"method":"_compile","native":false},{"column":10,"file":"node:internal/modules/cjs/loader","function":"Module._extensions..js","line":1310,"method":".js","native":false},{"column":12,"file":"/Users/vincent.llauderes/Desktop/llauderes-restapi-poc/node_modules/ts-node/src/index.ts","function":"Object.require.extensions.<computed> [as .ts]","line":1621,"method":"ts]","native":false},{"column":32,"file":"node:internal/modules/cjs/loader","function":"Module.load","line":1119,"method":"load","native":false},{"column":12,"file":"node:internal/modules/cjs/loader","function":"Module._load","line":960,"method":"_load","native":false},{"column":19,"file":"node:internal/modules/cjs/loader","function":"Module.require","line":1143,"method":"require","native":false}]}
{"date":"Thu Mar 21 2024 14:23:32 GMT+0800 (Philippine Standard Time)","error":{"diagnosticCodes":[2339,2304,2304]},"exception":true,"level":"error","message":"uncaughtException: ⨯ Unable to compile TypeScript:\n\u001b[96msrc/routes/book.route.ts\u001b[0m:\u001b[93m8\u001b[0m:\u001b[93m7\u001b[0m - \u001b[91merror\u001b[0m\u001b[90m TS2339: \u001b[0mProperty 'logger' does not exist on type 'Request<ParamsDictionary, any, any, ParsedQs, Record<string, any>>'.\n\n\u001b[7m8\u001b[0m   req.logger = logger;\n\u001b[7m \u001b[0m \u001b[91m      ~~~~~~\u001b[0m\n\u001b[96msrc/routes/book.route.ts\u001b[0m:\u001b[93m143\u001b[0m:\u001b[93m1\u001b[0m - \u001b[91merror\u001b[0m\u001b[90m TS2304: \u001b[0mCannot find name 'next'.\n\n\u001b[7m143\u001b[0m next();\n\u001b[7m   \u001b[0m \u001b[91m~~~~\u001b[0m\n\u001b[96msrc/routes/book.route.ts\u001b[0m:\u001b[93m145\u001b[0m:\u001b[93m16\u001b[0m - \u001b[91merror\u001b[0m\u001b[90m TS2304: \u001b[0mCannot find name 'BookV1Route'.\n\n\u001b[7m145\u001b[0m export default BookV1Route;\n\u001b[7m   \u001b[0m \u001b[91m               ~~~~~~~~~~~\u001b[0m\n\nTSError: ⨯ Unable to compile TypeScript:\n\u001b[96msrc/routes/book.route.ts\u001b[0m:\u001b[93m8\u001b[0m:\u001b[93m7\u001b[0m - \u001b[91merror\u001b[0m\u001b[90m TS2339: \u001b[0mProperty 'logger' does not exist on type 'Request<ParamsDictionary, any, any, ParsedQs, Record<string, any>>'.\n\n\u001b[7m8\u001b[0m   req.logger = logger;\n\u001b[7m \u001b[0m \u001b[91m      ~~~~~~\u001b[0m\n\u001b[96msrc/routes/book.route.ts\u001b[0m:\u001b[93m143\u001b[0m:\u001b[93m1\u001b[0m - \u001b[91merror\u001b[0m\u001b[90m TS2304: \u001b[0mCannot find name 'next'.\n\n\u001b[7m143\u001b[0m next();\n\u001b[7m   \u001b[0m \u001b[91m~~~~\u001b[0m\n\u001b[96msrc/routes/book.route.ts\u001b[0m:\u001b[93m145\u001b[0m:\u001b[93m16\u001b[0m - \u001b[91merror\u001b[0m\u001b[90m TS2304: \u001b[0mCannot find name 'BookV1Route'.\n\n\u001b[7m145\u001b[0m export default BookV1Route;\n\u001b[7m   \u001b[0m \u001b[91m               ~~~~~~~~~~~\u001b[0m\n\n    at createTSError (/Users/vincent.llauderes/Desktop/llauderes-restapi-poc/node_modules/ts-node/src/index.ts:859:12)\n    at reportTSError (/Users/vincent.llauderes/Desktop/llauderes-restapi-poc/node_modules/ts-node/src/index.ts:863:19)\n    at getOutput (/Users/vincent.llauderes/Desktop/llauderes-restapi-poc/node_modules/ts-node/src/index.ts:1077:36)\n    at Object.compile (/Users/vincent.llauderes/Desktop/llauderes-restapi-poc/node_modules/ts-node/src/index.ts:1433:41)\n    at Module.m._compile (/Users/vincent.llauderes/Desktop/llauderes-restapi-poc/node_modules/ts-node/src/index.ts:1617:30)\n    at Module._extensions..js (node:internal/modules/cjs/loader:1310:10)\n    at Object.require.extensions.<computed> [as .ts] (/Users/vincent.llauderes/Desktop/llauderes-restapi-poc/node_modules/ts-node/src/index.ts:1621:12)\n    at Module.load (node:internal/modules/cjs/loader:1119:32)\n    at Function.Module._load (node:internal/modules/cjs/loader:960:12)\n    at Module.require (node:internal/modules/cjs/loader:1143:19)","os":{"loadavg":[3.466796875,3.89208984375,3.8994140625],"uptime":589035},"process":{"argv":["/Users/vincent.llauderes/Desktop/llauderes-restapi-poc/node_modules/.bin/ts-node","/Users/vincent.llauderes/Desktop/llauderes-restapi-poc/src/index.ts"],"cwd":"/Users/vincent.llauderes/Desktop/llauderes-restapi-poc","execPath":"/Users/vincent.llauderes/.nvm/versions/node/v18.18.0/bin/node","gid":20,"memoryUsage":{"arrayBuffers":2604972,"external":4014770,"heapTotal":149340160,"heapUsed":122983072,"rss":253607936},"pid":40847,"uid":504,"version":"v18.18.0"},"service":"llauderes-restapi","stack":"TSError: ⨯ Unable to compile TypeScript:\n\u001b[96msrc/routes/book.route.ts\u001b[0m:\u001b[93m8\u001b[0m:\u001b[93m7\u001b[0m - \u001b[91merror\u001b[0m\u001b[90m TS2339: \u001b[0mProperty 'logger' does not exist on type 'Request<ParamsDictionary, any, any, ParsedQs, Record<string, any>>'.\n\n\u001b[7m8\u001b[0m   req.logger = logger;\n\u001b[7m \u001b[0m \u001b[91m      ~~~~~~\u001b[0m\n\u001b[96msrc/routes/book.route.ts\u001b[0m:\u001b[93m143\u001b[0m:\u001b[93m1\u001b[0m - \u001b[91merror\u001b[0m\u001b[90m TS2304: \u001b[0mCannot find name 'next'.\n\n\u001b[7m143\u001b[0m next();\n\u001b[7m   \u001b[0m \u001b[91m~~~~\u001b[0m\n\u001b[96msrc/routes/book.route.ts\u001b[0m:\u001b[93m145\u001b[0m:\u001b[93m16\u001b[0m - \u001b[91merror\u001b[0m\u001b[90m TS2304: \u001b[0mCannot find name 'BookV1Route'.\n\n\u001b[7m145\u001b[0m export default BookV1Route;\n\u001b[7m   \u001b[0m \u001b[91m               ~~~~~~~~~~~\u001b[0m\n\n    at createTSError (/Users/vincent.llauderes/Desktop/llauderes-restapi-poc/node_modules/ts-node/src/index.ts:859:12)\n    at reportTSError (/Users/vincent.llauderes/Desktop/llauderes-restapi-poc/node_modules/ts-node/src/index.ts:863:19)\n    at getOutput (/Users/vincent.llauderes/Desktop/llauderes-restapi-poc/node_modules/ts-node/src/index.ts:1077:36)\n    at Object.compile (/Users/vincent.llauderes/Desktop/llauderes-restapi-poc/node_modules/ts-node/src/index.ts:1433:41)\n    at Module.m._compile (/Users/vincent.llauderes/Desktop/llauderes-restapi-poc/node_modules/ts-node/src/index.ts:1617:30)\n    at Module._extensions..js (node:internal/modules/cjs/loader:1310:10)\n    at Object.require.extensions.<computed> [as .ts] (/Users/vincent.llauderes/Desktop/llauderes-restapi-poc/node_modules/ts-node/src/index.ts:1621:12)\n    at Module.load (node:internal/modules/cjs/loader:1119:32)\n    at Function.Module._load (node:internal/modules/cjs/loader:960:12)\n    at Module.require (node:internal/modules/cjs/loader:1143:19)","trace":[{"column":12,"file":"/Users/vincent.llauderes/Desktop/llauderes-restapi-poc/node_modules/ts-node/src/index.ts","function":"createTSError","line":859,"method":null,"native":false},{"column":19,"file":"/Users/vincent.llauderes/Desktop/llauderes-restapi-poc/node_modules/ts-node/src/index.ts","function":"reportTSError","line":863,"method":null,"native":false},{"column":36,"file":"/Users/vincent.llauderes/Desktop/llauderes-restapi-poc/node_modules/ts-node/src/index.ts","function":"getOutput","line":1077,"method":null,"native":false},{"column":41,"file":"/Users/vincent.llauderes/Desktop/llauderes-restapi-poc/node_modules/ts-node/src/index.ts","function":"Object.compile","line":1433,"method":"compile","native":false},{"column":30,"file":"/Users/vincent.llauderes/Desktop/llauderes-restapi-poc/node_modules/ts-node/src/index.ts","function":"Module.m._compile","line":1617,"method":"_compile","native":false},{"column":10,"file":"node:internal/modules/cjs/loader","function":"Module._extensions..js","line":1310,"method":".js","native":false},{"column":12,"file":"/Users/vincent.llauderes/Desktop/llauderes-restapi-poc/node_modules/ts-node/src/index.ts","function":"Object.require.extensions.<computed> [as .ts]","line":1621,"method":"ts]","native":false},{"column":32,"file":"node:internal/modules/cjs/loader","function":"Module.load","line":1119,"method":"load","native":false},{"column":12,"file":"node:internal/modules/cjs/loader","function":"Module._load","line":960,"method":"_load","native":false},{"column":19,"file":"node:internal/modules/cjs/loader","function":"Module.require","line":1143,"method":"require","native":false}]}
{"date":"Thu Mar 21 2024 14:25:29 GMT+0800 (Philippine Standard Time)","error":{"diagnosticCodes":[2769,2304,2304]},"exception":true,"level":"error","message":"uncaughtException: ⨯ Unable to compile TypeScript:\n\u001b[96msrc/routes/book.route.ts\u001b[0m:\u001b[93m12\u001b[0m:\u001b[93m11\u001b[0m - \u001b[91merror\u001b[0m\u001b[90m TS2769: \u001b[0mNo overload matches this call.\n  The last overload gave the following error.\n    Argument of type '(req: RouteContext, res: Response, next: NextFunction) => void' is not assignable to parameter of type 'PathParams'.\n\n\u001b[7m12\u001b[0m route.use((req: RouteContext, res: Response, next: NextFunction) => {\n\u001b[7m  \u001b[0m \u001b[91m          ~~~~~~~~~~~~~~~~~~~~~~~~~~~~~~~~~~~~~~~~~~~~~~~~~~~~~~~~~~~\u001b[0m\n\n  \u001b[96mnode_modules/@types/express-serve-static-core/index.d.ts\u001b[0m:\u001b[93m153\u001b[0m:\u001b[93m5\u001b[0m\n    \u001b[7m153\u001b[0m     <\n    \u001b[7m   \u001b[0m \u001b[96m    ~\u001b[0m\n    \u001b[7m154\u001b[0m         P = ParamsDictionary,\n    \u001b[7m   \u001b[0m \u001b[96m~~~~~~~~~~~~~~~~~~~~~~~~~~~~~\u001b[0m\n    \u001b[7m...\u001b[0m \n    \u001b[7m162\u001b[0m         ...handlers: Array<RequestHandlerParams<P, ResBody, ReqBody, ReqQuery, LocalsObj>>\n    \u001b[7m   \u001b[0m \u001b[96m~~~~~~~~~~~~~~~~~~~~~~~~~~~~~~~~~~~~~~~~~~~~~~~~~~~~~~~~~~~~~~~~~~~~~~~~~~~~~~~~~~~~~~~~~~\u001b[0m\n    \u001b[7m163\u001b[0m     ): T;\n    \u001b[7m   \u001b[0m \u001b[96m~~~~~~~~~\u001b[0m\n    The last overload is declared here.\n\u001b[96msrc/routes/book.route.ts\u001b[0m:\u001b[93m148\u001b[0m:\u001b[93m1\u001b[0m - \u001b[91merror\u001b[0m\u001b[90m TS2304: \u001b[0mCannot find name 'next'.\n\n\u001b[7m148\u001b[0m next();\n\u001b[7m   \u001b[0m \u001b[91m~~~~\u001b[0m\n\u001b[96msrc/routes/book.route.ts\u001b[0m:\u001b[93m150\u001b[0m:\u001b[93m16\u001b[0m - \u001b[91merror\u001b[0m\u001b[90m TS2304: \u001b[0mCannot find name 'BookV1Route'.\n\n\u001b[7m150\u001b[0m export default BookV1Route;\n\u001b[7m   \u001b[0m \u001b[91m               ~~~~~~~~~~~\u001b[0m\n\nTSError: ⨯ Unable to compile TypeScript:\n\u001b[96msrc/routes/book.route.ts\u001b[0m:\u001b[93m12\u001b[0m:\u001b[93m11\u001b[0m - \u001b[91merror\u001b[0m\u001b[90m TS2769: \u001b[0mNo overload matches this call.\n  The last overload gave the following error.\n    Argument of type '(req: RouteContext, res: Response, next: NextFunction) => void' is not assignable to parameter of type 'PathParams'.\n\n\u001b[7m12\u001b[0m route.use((req: RouteContext, res: Response, next: NextFunction) => {\n\u001b[7m  \u001b[0m \u001b[91m          ~~~~~~~~~~~~~~~~~~~~~~~~~~~~~~~~~~~~~~~~~~~~~~~~~~~~~~~~~~~\u001b[0m\n\n  \u001b[96mnode_modules/@types/express-serve-static-core/index.d.ts\u001b[0m:\u001b[93m153\u001b[0m:\u001b[93m5\u001b[0m\n    \u001b[7m153\u001b[0m     <\n    \u001b[7m   \u001b[0m \u001b[96m    ~\u001b[0m\n    \u001b[7m154\u001b[0m         P = ParamsDictionary,\n    \u001b[7m   \u001b[0m \u001b[96m~~~~~~~~~~~~~~~~~~~~~~~~~~~~~\u001b[0m\n    \u001b[7m...\u001b[0m \n    \u001b[7m162\u001b[0m         ...handlers: Array<RequestHandlerParams<P, ResBody, ReqBody, ReqQuery, LocalsObj>>\n    \u001b[7m   \u001b[0m \u001b[96m~~~~~~~~~~~~~~~~~~~~~~~~~~~~~~~~~~~~~~~~~~~~~~~~~~~~~~~~~~~~~~~~~~~~~~~~~~~~~~~~~~~~~~~~~~\u001b[0m\n    \u001b[7m163\u001b[0m     ): T;\n    \u001b[7m   \u001b[0m \u001b[96m~~~~~~~~~\u001b[0m\n    The last overload is declared here.\n\u001b[96msrc/routes/book.route.ts\u001b[0m:\u001b[93m148\u001b[0m:\u001b[93m1\u001b[0m - \u001b[91merror\u001b[0m\u001b[90m TS2304: \u001b[0mCannot find name 'next'.\n\n\u001b[7m148\u001b[0m next();\n\u001b[7m   \u001b[0m \u001b[91m~~~~\u001b[0m\n\u001b[96msrc/routes/book.route.ts\u001b[0m:\u001b[93m150\u001b[0m:\u001b[93m16\u001b[0m - \u001b[91merror\u001b[0m\u001b[90m TS2304: \u001b[0mCannot find name 'BookV1Route'.\n\n\u001b[7m150\u001b[0m export default BookV1Route;\n\u001b[7m   \u001b[0m \u001b[91m               ~~~~~~~~~~~\u001b[0m\n\n    at createTSError (/Users/vincent.llauderes/Desktop/llauderes-restapi-poc/node_modules/ts-node/src/index.ts:859:12)\n    at reportTSError (/Users/vincent.llauderes/Desktop/llauderes-restapi-poc/node_modules/ts-node/src/index.ts:863:19)\n    at getOutput (/Users/vincent.llauderes/Desktop/llauderes-restapi-poc/node_modules/ts-node/src/index.ts:1077:36)\n    at Object.compile (/Users/vincent.llauderes/Desktop/llauderes-restapi-poc/node_modules/ts-node/src/index.ts:1433:41)\n    at Module.m._compile (/Users/vincent.llauderes/Desktop/llauderes-restapi-poc/node_modules/ts-node/src/index.ts:1617:30)\n    at Module._extensions..js (node:internal/modules/cjs/loader:1310:10)\n    at Object.require.extensions.<computed> [as .ts] (/Users/vincent.llauderes/Desktop/llauderes-restapi-poc/node_modules/ts-node/src/index.ts:1621:12)\n    at Module.load (node:internal/modules/cjs/loader:1119:32)\n    at Function.Module._load (node:internal/modules/cjs/loader:960:12)\n    at Module.require (node:internal/modules/cjs/loader:1143:19)","os":{"loadavg":[4.123046875,4.00390625,3.939453125],"uptime":589152},"process":{"argv":["/Users/vincent.llauderes/Desktop/llauderes-restapi-poc/node_modules/.bin/ts-node","/Users/vincent.llauderes/Desktop/llauderes-restapi-poc/src/index.ts"],"cwd":"/Users/vincent.llauderes/Desktop/llauderes-restapi-poc","execPath":"/Users/vincent.llauderes/.nvm/versions/node/v18.18.0/bin/node","gid":20,"memoryUsage":{"arrayBuffers":2536776,"external":3946574,"heapTotal":148815872,"heapUsed":126996080,"rss":250724352},"pid":40999,"uid":504,"version":"v18.18.0"},"service":"llauderes-restapi","stack":"TSError: ⨯ Unable to compile TypeScript:\n\u001b[96msrc/routes/book.route.ts\u001b[0m:\u001b[93m12\u001b[0m:\u001b[93m11\u001b[0m - \u001b[91merror\u001b[0m\u001b[90m TS2769: \u001b[0mNo overload matches this call.\n  The last overload gave the following error.\n    Argument of type '(req: RouteContext, res: Response, next: NextFunction) => void' is not assignable to parameter of type 'PathParams'.\n\n\u001b[7m12\u001b[0m route.use((req: RouteContext, res: Response, next: NextFunction) => {\n\u001b[7m  \u001b[0m \u001b[91m          ~~~~~~~~~~~~~~~~~~~~~~~~~~~~~~~~~~~~~~~~~~~~~~~~~~~~~~~~~~~\u001b[0m\n\n  \u001b[96mnode_modules/@types/express-serve-static-core/index.d.ts\u001b[0m:\u001b[93m153\u001b[0m:\u001b[93m5\u001b[0m\n    \u001b[7m153\u001b[0m     <\n    \u001b[7m   \u001b[0m \u001b[96m    ~\u001b[0m\n    \u001b[7m154\u001b[0m         P = ParamsDictionary,\n    \u001b[7m   \u001b[0m \u001b[96m~~~~~~~~~~~~~~~~~~~~~~~~~~~~~\u001b[0m\n    \u001b[7m...\u001b[0m \n    \u001b[7m162\u001b[0m         ...handlers: Array<RequestHandlerParams<P, ResBody, ReqBody, ReqQuery, LocalsObj>>\n    \u001b[7m   \u001b[0m \u001b[96m~~~~~~~~~~~~~~~~~~~~~~~~~~~~~~~~~~~~~~~~~~~~~~~~~~~~~~~~~~~~~~~~~~~~~~~~~~~~~~~~~~~~~~~~~~\u001b[0m\n    \u001b[7m163\u001b[0m     ): T;\n    \u001b[7m   \u001b[0m \u001b[96m~~~~~~~~~\u001b[0m\n    The last overload is declared here.\n\u001b[96msrc/routes/book.route.ts\u001b[0m:\u001b[93m148\u001b[0m:\u001b[93m1\u001b[0m - \u001b[91merror\u001b[0m\u001b[90m TS2304: \u001b[0mCannot find name 'next'.\n\n\u001b[7m148\u001b[0m next();\n\u001b[7m   \u001b[0m \u001b[91m~~~~\u001b[0m\n\u001b[96msrc/routes/book.route.ts\u001b[0m:\u001b[93m150\u001b[0m:\u001b[93m16\u001b[0m - \u001b[91merror\u001b[0m\u001b[90m TS2304: \u001b[0mCannot find name 'BookV1Route'.\n\n\u001b[7m150\u001b[0m export default BookV1Route;\n\u001b[7m   \u001b[0m \u001b[91m               ~~~~~~~~~~~\u001b[0m\n\n    at createTSError (/Users/vincent.llauderes/Desktop/llauderes-restapi-poc/node_modules/ts-node/src/index.ts:859:12)\n    at reportTSError (/Users/vincent.llauderes/Desktop/llauderes-restapi-poc/node_modules/ts-node/src/index.ts:863:19)\n    at getOutput (/Users/vincent.llauderes/Desktop/llauderes-restapi-poc/node_modules/ts-node/src/index.ts:1077:36)\n    at Object.compile (/Users/vincent.llauderes/Desktop/llauderes-restapi-poc/node_modules/ts-node/src/index.ts:1433:41)\n    at Module.m._compile (/Users/vincent.llauderes/Desktop/llauderes-restapi-poc/node_modules/ts-node/src/index.ts:1617:30)\n    at Module._extensions..js (node:internal/modules/cjs/loader:1310:10)\n    at Object.require.extensions.<computed> [as .ts] (/Users/vincent.llauderes/Desktop/llauderes-restapi-poc/node_modules/ts-node/src/index.ts:1621:12)\n    at Module.load (node:internal/modules/cjs/loader:1119:32)\n    at Function.Module._load (node:internal/modules/cjs/loader:960:12)\n    at Module.require (node:internal/modules/cjs/loader:1143:19)","trace":[{"column":12,"file":"/Users/vincent.llauderes/Desktop/llauderes-restapi-poc/node_modules/ts-node/src/index.ts","function":"createTSError","line":859,"method":null,"native":false},{"column":19,"file":"/Users/vincent.llauderes/Desktop/llauderes-restapi-poc/node_modules/ts-node/src/index.ts","function":"reportTSError","line":863,"method":null,"native":false},{"column":36,"file":"/Users/vincent.llauderes/Desktop/llauderes-restapi-poc/node_modules/ts-node/src/index.ts","function":"getOutput","line":1077,"method":null,"native":false},{"column":41,"file":"/Users/vincent.llauderes/Desktop/llauderes-restapi-poc/node_modules/ts-node/src/index.ts","function":"Object.compile","line":1433,"method":"compile","native":false},{"column":30,"file":"/Users/vincent.llauderes/Desktop/llauderes-restapi-poc/node_modules/ts-node/src/index.ts","function":"Module.m._compile","line":1617,"method":"_compile","native":false},{"column":10,"file":"node:internal/modules/cjs/loader","function":"Module._extensions..js","line":1310,"method":".js","native":false},{"column":12,"file":"/Users/vincent.llauderes/Desktop/llauderes-restapi-poc/node_modules/ts-node/src/index.ts","function":"Object.require.extensions.<computed> [as .ts]","line":1621,"method":"ts]","native":false},{"column":32,"file":"node:internal/modules/cjs/loader","function":"Module.load","line":1119,"method":"load","native":false},{"column":12,"file":"node:internal/modules/cjs/loader","function":"Module._load","line":960,"method":"_load","native":false},{"column":19,"file":"node:internal/modules/cjs/loader","function":"Module.require","line":1143,"method":"require","native":false}]}
{"date":"Thu Mar 21 2024 14:26:07 GMT+0800 (Philippine Standard Time)","error":{"diagnosticCodes":[2769,2304,2304]},"exception":true,"level":"error","message":"uncaughtException: ⨯ Unable to compile TypeScript:\n\u001b[96msrc/routes/book.route.ts\u001b[0m:\u001b[93m12\u001b[0m:\u001b[93m11\u001b[0m - \u001b[91merror\u001b[0m\u001b[90m TS2769: \u001b[0mNo overload matches this call.\n  The last overload gave the following error.\n    Argument of type '(req: RouteContext, res: Response, next: NextFunction) => void' is not assignable to parameter of type 'PathParams'.\n\n\u001b[7m12\u001b[0m route.use((req: RouteContext, res: Response, next: NextFunction) => {\n\u001b[7m  \u001b[0m \u001b[91m          ~~~~~~~~~~~~~~~~~~~~~~~~~~~~~~~~~~~~~~~~~~~~~~~~~~~~~~~~~~~\u001b[0m\n\n  \u001b[96mnode_modules/@types/express-serve-static-core/index.d.ts\u001b[0m:\u001b[93m153\u001b[0m:\u001b[93m5\u001b[0m\n    \u001b[7m153\u001b[0m     <\n    \u001b[7m   \u001b[0m \u001b[96m    ~\u001b[0m\n    \u001b[7m154\u001b[0m         P = ParamsDictionary,\n    \u001b[7m   \u001b[0m \u001b[96m~~~~~~~~~~~~~~~~~~~~~~~~~~~~~\u001b[0m\n    \u001b[7m...\u001b[0m \n    \u001b[7m162\u001b[0m         ...handlers: Array<RequestHandlerParams<P, ResBody, ReqBody, ReqQuery, LocalsObj>>\n    \u001b[7m   \u001b[0m \u001b[96m~~~~~~~~~~~~~~~~~~~~~~~~~~~~~~~~~~~~~~~~~~~~~~~~~~~~~~~~~~~~~~~~~~~~~~~~~~~~~~~~~~~~~~~~~~\u001b[0m\n    \u001b[7m163\u001b[0m     ): T;\n    \u001b[7m   \u001b[0m \u001b[96m~~~~~~~~~\u001b[0m\n    The last overload is declared here.\n\u001b[96msrc/routes/book.route.ts\u001b[0m:\u001b[93m148\u001b[0m:\u001b[93m1\u001b[0m - \u001b[91merror\u001b[0m\u001b[90m TS2304: \u001b[0mCannot find name 'next'.\n\n\u001b[7m148\u001b[0m next();\n\u001b[7m   \u001b[0m \u001b[91m~~~~\u001b[0m\n\u001b[96msrc/routes/book.route.ts\u001b[0m:\u001b[93m150\u001b[0m:\u001b[93m16\u001b[0m - \u001b[91merror\u001b[0m\u001b[90m TS2304: \u001b[0mCannot find name 'BookV1Route'.\n\n\u001b[7m150\u001b[0m export default BookV1Route;\n\u001b[7m   \u001b[0m \u001b[91m               ~~~~~~~~~~~\u001b[0m\n\nTSError: ⨯ Unable to compile TypeScript:\n\u001b[96msrc/routes/book.route.ts\u001b[0m:\u001b[93m12\u001b[0m:\u001b[93m11\u001b[0m - \u001b[91merror\u001b[0m\u001b[90m TS2769: \u001b[0mNo overload matches this call.\n  The last overload gave the following error.\n    Argument of type '(req: RouteContext, res: Response, next: NextFunction) => void' is not assignable to parameter of type 'PathParams'.\n\n\u001b[7m12\u001b[0m route.use((req: RouteContext, res: Response, next: NextFunction) => {\n\u001b[7m  \u001b[0m \u001b[91m          ~~~~~~~~~~~~~~~~~~~~~~~~~~~~~~~~~~~~~~~~~~~~~~~~~~~~~~~~~~~\u001b[0m\n\n  \u001b[96mnode_modules/@types/express-serve-static-core/index.d.ts\u001b[0m:\u001b[93m153\u001b[0m:\u001b[93m5\u001b[0m\n    \u001b[7m153\u001b[0m     <\n    \u001b[7m   \u001b[0m \u001b[96m    ~\u001b[0m\n    \u001b[7m154\u001b[0m         P = ParamsDictionary,\n    \u001b[7m   \u001b[0m \u001b[96m~~~~~~~~~~~~~~~~~~~~~~~~~~~~~\u001b[0m\n    \u001b[7m...\u001b[0m \n    \u001b[7m162\u001b[0m         ...handlers: Array<RequestHandlerParams<P, ResBody, ReqBody, ReqQuery, LocalsObj>>\n    \u001b[7m   \u001b[0m \u001b[96m~~~~~~~~~~~~~~~~~~~~~~~~~~~~~~~~~~~~~~~~~~~~~~~~~~~~~~~~~~~~~~~~~~~~~~~~~~~~~~~~~~~~~~~~~~\u001b[0m\n    \u001b[7m163\u001b[0m     ): T;\n    \u001b[7m   \u001b[0m \u001b[96m~~~~~~~~~\u001b[0m\n    The last overload is declared here.\n\u001b[96msrc/routes/book.route.ts\u001b[0m:\u001b[93m148\u001b[0m:\u001b[93m1\u001b[0m - \u001b[91merror\u001b[0m\u001b[90m TS2304: \u001b[0mCannot find name 'next'.\n\n\u001b[7m148\u001b[0m next();\n\u001b[7m   \u001b[0m \u001b[91m~~~~\u001b[0m\n\u001b[96msrc/routes/book.route.ts\u001b[0m:\u001b[93m150\u001b[0m:\u001b[93m16\u001b[0m - \u001b[91merror\u001b[0m\u001b[90m TS2304: \u001b[0mCannot find name 'BookV1Route'.\n\n\u001b[7m150\u001b[0m export default BookV1Route;\n\u001b[7m   \u001b[0m \u001b[91m               ~~~~~~~~~~~\u001b[0m\n\n    at createTSError (/Users/vincent.llauderes/Desktop/llauderes-restapi-poc/node_modules/ts-node/src/index.ts:859:12)\n    at reportTSError (/Users/vincent.llauderes/Desktop/llauderes-restapi-poc/node_modules/ts-node/src/index.ts:863:19)\n    at getOutput (/Users/vincent.llauderes/Desktop/llauderes-restapi-poc/node_modules/ts-node/src/index.ts:1077:36)\n    at Object.compile (/Users/vincent.llauderes/Desktop/llauderes-restapi-poc/node_modules/ts-node/src/index.ts:1433:41)\n    at Module.m._compile (/Users/vincent.llauderes/Desktop/llauderes-restapi-poc/node_modules/ts-node/src/index.ts:1617:30)\n    at Module._extensions..js (node:internal/modules/cjs/loader:1310:10)\n    at Object.require.extensions.<computed> [as .ts] (/Users/vincent.llauderes/Desktop/llauderes-restapi-poc/node_modules/ts-node/src/index.ts:1621:12)\n    at Module.load (node:internal/modules/cjs/loader:1119:32)\n    at Function.Module._load (node:internal/modules/cjs/loader:960:12)\n    at Module.require (node:internal/modules/cjs/loader:1143:19)","os":{"loadavg":[5.26513671875,4.2890625,4.0439453125],"uptime":589190},"process":{"argv":["/Users/vincent.llauderes/Desktop/llauderes-restapi-poc/node_modules/.bin/ts-node","/Users/vincent.llauderes/Desktop/llauderes-restapi-poc/src/index.ts"],"cwd":"/Users/vincent.llauderes/Desktop/llauderes-restapi-poc","execPath":"/Users/vincent.llauderes/.nvm/versions/node/v18.18.0/bin/node","gid":20,"memoryUsage":{"arrayBuffers":2627672,"external":4037470,"heapTotal":149078016,"heapUsed":125845208,"rss":252035072},"pid":41119,"uid":504,"version":"v18.18.0"},"service":"llauderes-restapi","stack":"TSError: ⨯ Unable to compile TypeScript:\n\u001b[96msrc/routes/book.route.ts\u001b[0m:\u001b[93m12\u001b[0m:\u001b[93m11\u001b[0m - \u001b[91merror\u001b[0m\u001b[90m TS2769: \u001b[0mNo overload matches this call.\n  The last overload gave the following error.\n    Argument of type '(req: RouteContext, res: Response, next: NextFunction) => void' is not assignable to parameter of type 'PathParams'.\n\n\u001b[7m12\u001b[0m route.use((req: RouteContext, res: Response, next: NextFunction) => {\n\u001b[7m  \u001b[0m \u001b[91m          ~~~~~~~~~~~~~~~~~~~~~~~~~~~~~~~~~~~~~~~~~~~~~~~~~~~~~~~~~~~\u001b[0m\n\n  \u001b[96mnode_modules/@types/express-serve-static-core/index.d.ts\u001b[0m:\u001b[93m153\u001b[0m:\u001b[93m5\u001b[0m\n    \u001b[7m153\u001b[0m     <\n    \u001b[7m   \u001b[0m \u001b[96m    ~\u001b[0m\n    \u001b[7m154\u001b[0m         P = ParamsDictionary,\n    \u001b[7m   \u001b[0m \u001b[96m~~~~~~~~~~~~~~~~~~~~~~~~~~~~~\u001b[0m\n    \u001b[7m...\u001b[0m \n    \u001b[7m162\u001b[0m         ...handlers: Array<RequestHandlerParams<P, ResBody, ReqBody, ReqQuery, LocalsObj>>\n    \u001b[7m   \u001b[0m \u001b[96m~~~~~~~~~~~~~~~~~~~~~~~~~~~~~~~~~~~~~~~~~~~~~~~~~~~~~~~~~~~~~~~~~~~~~~~~~~~~~~~~~~~~~~~~~~\u001b[0m\n    \u001b[7m163\u001b[0m     ): T;\n    \u001b[7m   \u001b[0m \u001b[96m~~~~~~~~~\u001b[0m\n    The last overload is declared here.\n\u001b[96msrc/routes/book.route.ts\u001b[0m:\u001b[93m148\u001b[0m:\u001b[93m1\u001b[0m - \u001b[91merror\u001b[0m\u001b[90m TS2304: \u001b[0mCannot find name 'next'.\n\n\u001b[7m148\u001b[0m next();\n\u001b[7m   \u001b[0m \u001b[91m~~~~\u001b[0m\n\u001b[96msrc/routes/book.route.ts\u001b[0m:\u001b[93m150\u001b[0m:\u001b[93m16\u001b[0m - \u001b[91merror\u001b[0m\u001b[90m TS2304: \u001b[0mCannot find name 'BookV1Route'.\n\n\u001b[7m150\u001b[0m export default BookV1Route;\n\u001b[7m   \u001b[0m \u001b[91m               ~~~~~~~~~~~\u001b[0m\n\n    at createTSError (/Users/vincent.llauderes/Desktop/llauderes-restapi-poc/node_modules/ts-node/src/index.ts:859:12)\n    at reportTSError (/Users/vincent.llauderes/Desktop/llauderes-restapi-poc/node_modules/ts-node/src/index.ts:863:19)\n    at getOutput (/Users/vincent.llauderes/Desktop/llauderes-restapi-poc/node_modules/ts-node/src/index.ts:1077:36)\n    at Object.compile (/Users/vincent.llauderes/Desktop/llauderes-restapi-poc/node_modules/ts-node/src/index.ts:1433:41)\n    at Module.m._compile (/Users/vincent.llauderes/Desktop/llauderes-restapi-poc/node_modules/ts-node/src/index.ts:1617:30)\n    at Module._extensions..js (node:internal/modules/cjs/loader:1310:10)\n    at Object.require.extensions.<computed> [as .ts] (/Users/vincent.llauderes/Desktop/llauderes-restapi-poc/node_modules/ts-node/src/index.ts:1621:12)\n    at Module.load (node:internal/modules/cjs/loader:1119:32)\n    at Function.Module._load (node:internal/modules/cjs/loader:960:12)\n    at Module.require (node:internal/modules/cjs/loader:1143:19)","trace":[{"column":12,"file":"/Users/vincent.llauderes/Desktop/llauderes-restapi-poc/node_modules/ts-node/src/index.ts","function":"createTSError","line":859,"method":null,"native":false},{"column":19,"file":"/Users/vincent.llauderes/Desktop/llauderes-restapi-poc/node_modules/ts-node/src/index.ts","function":"reportTSError","line":863,"method":null,"native":false},{"column":36,"file":"/Users/vincent.llauderes/Desktop/llauderes-restapi-poc/node_modules/ts-node/src/index.ts","function":"getOutput","line":1077,"method":null,"native":false},{"column":41,"file":"/Users/vincent.llauderes/Desktop/llauderes-restapi-poc/node_modules/ts-node/src/index.ts","function":"Object.compile","line":1433,"method":"compile","native":false},{"column":30,"file":"/Users/vincent.llauderes/Desktop/llauderes-restapi-poc/node_modules/ts-node/src/index.ts","function":"Module.m._compile","line":1617,"method":"_compile","native":false},{"column":10,"file":"node:internal/modules/cjs/loader","function":"Module._extensions..js","line":1310,"method":".js","native":false},{"column":12,"file":"/Users/vincent.llauderes/Desktop/llauderes-restapi-poc/node_modules/ts-node/src/index.ts","function":"Object.require.extensions.<computed> [as .ts]","line":1621,"method":"ts]","native":false},{"column":32,"file":"node:internal/modules/cjs/loader","function":"Module.load","line":1119,"method":"load","native":false},{"column":12,"file":"node:internal/modules/cjs/loader","function":"Module._load","line":960,"method":"_load","native":false},{"column":19,"file":"node:internal/modules/cjs/loader","function":"Module.require","line":1143,"method":"require","native":false}]}
{"date":"Thu Mar 21 2024 14:26:19 GMT+0800 (Philippine Standard Time)","error":{"diagnosticCodes":[2304,2304]},"exception":true,"level":"error","message":"uncaughtException: ⨯ Unable to compile TypeScript:\n\u001b[96msrc/routes/book.route.ts\u001b[0m:\u001b[93m139\u001b[0m:\u001b[93m1\u001b[0m - \u001b[91merror\u001b[0m\u001b[90m TS2304: \u001b[0mCannot find name 'next'.\n\n\u001b[7m139\u001b[0m next();\n\u001b[7m   \u001b[0m \u001b[91m~~~~\u001b[0m\n\u001b[96msrc/routes/book.route.ts\u001b[0m:\u001b[93m141\u001b[0m:\u001b[93m16\u001b[0m - \u001b[91merror\u001b[0m\u001b[90m TS2304: \u001b[0mCannot find name 'BookV1Route'.\n\n\u001b[7m141\u001b[0m export default BookV1Route;\n\u001b[7m   \u001b[0m \u001b[91m               ~~~~~~~~~~~\u001b[0m\n\nTSError: ⨯ Unable to compile TypeScript:\n\u001b[96msrc/routes/book.route.ts\u001b[0m:\u001b[93m139\u001b[0m:\u001b[93m1\u001b[0m - \u001b[91merror\u001b[0m\u001b[90m TS2304: \u001b[0mCannot find name 'next'.\n\n\u001b[7m139\u001b[0m next();\n\u001b[7m   \u001b[0m \u001b[91m~~~~\u001b[0m\n\u001b[96msrc/routes/book.route.ts\u001b[0m:\u001b[93m141\u001b[0m:\u001b[93m16\u001b[0m - \u001b[91merror\u001b[0m\u001b[90m TS2304: \u001b[0mCannot find name 'BookV1Route'.\n\n\u001b[7m141\u001b[0m export default BookV1Route;\n\u001b[7m   \u001b[0m \u001b[91m               ~~~~~~~~~~~\u001b[0m\n\n    at createTSError (/Users/vincent.llauderes/Desktop/llauderes-restapi-poc/node_modules/ts-node/src/index.ts:859:12)\n    at reportTSError (/Users/vincent.llauderes/Desktop/llauderes-restapi-poc/node_modules/ts-node/src/index.ts:863:19)\n    at getOutput (/Users/vincent.llauderes/Desktop/llauderes-restapi-poc/node_modules/ts-node/src/index.ts:1077:36)\n    at Object.compile (/Users/vincent.llauderes/Desktop/llauderes-restapi-poc/node_modules/ts-node/src/index.ts:1433:41)\n    at Module.m._compile (/Users/vincent.llauderes/Desktop/llauderes-restapi-poc/node_modules/ts-node/src/index.ts:1617:30)\n    at Module._extensions..js (node:internal/modules/cjs/loader:1310:10)\n    at Object.require.extensions.<computed> [as .ts] (/Users/vincent.llauderes/Desktop/llauderes-restapi-poc/node_modules/ts-node/src/index.ts:1621:12)\n    at Module.load (node:internal/modules/cjs/loader:1119:32)\n    at Function.Module._load (node:internal/modules/cjs/loader:960:12)\n    at Module.require (node:internal/modules/cjs/loader:1143:19)","os":{"loadavg":[5.28466796875,4.33984375,4.06591796875],"uptime":589202},"process":{"argv":["/Users/vincent.llauderes/Desktop/llauderes-restapi-poc/node_modules/.bin/ts-node","/Users/vincent.llauderes/Desktop/llauderes-restapi-poc/src/index.ts"],"cwd":"/Users/vincent.llauderes/Desktop/llauderes-restapi-poc","execPath":"/Users/vincent.llauderes/.nvm/versions/node/v18.18.0/bin/node","gid":20,"memoryUsage":{"arrayBuffers":2520368,"external":3930166,"heapTotal":148815872,"heapUsed":123350976,"rss":258965504},"pid":41160,"uid":504,"version":"v18.18.0"},"service":"llauderes-restapi","stack":"TSError: ⨯ Unable to compile TypeScript:\n\u001b[96msrc/routes/book.route.ts\u001b[0m:\u001b[93m139\u001b[0m:\u001b[93m1\u001b[0m - \u001b[91merror\u001b[0m\u001b[90m TS2304: \u001b[0mCannot find name 'next'.\n\n\u001b[7m139\u001b[0m next();\n\u001b[7m   \u001b[0m \u001b[91m~~~~\u001b[0m\n\u001b[96msrc/routes/book.route.ts\u001b[0m:\u001b[93m141\u001b[0m:\u001b[93m16\u001b[0m - \u001b[91merror\u001b[0m\u001b[90m TS2304: \u001b[0mCannot find name 'BookV1Route'.\n\n\u001b[7m141\u001b[0m export default BookV1Route;\n\u001b[7m   \u001b[0m \u001b[91m               ~~~~~~~~~~~\u001b[0m\n\n    at createTSError (/Users/vincent.llauderes/Desktop/llauderes-restapi-poc/node_modules/ts-node/src/index.ts:859:12)\n    at reportTSError (/Users/vincent.llauderes/Desktop/llauderes-restapi-poc/node_modules/ts-node/src/index.ts:863:19)\n    at getOutput (/Users/vincent.llauderes/Desktop/llauderes-restapi-poc/node_modules/ts-node/src/index.ts:1077:36)\n    at Object.compile (/Users/vincent.llauderes/Desktop/llauderes-restapi-poc/node_modules/ts-node/src/index.ts:1433:41)\n    at Module.m._compile (/Users/vincent.llauderes/Desktop/llauderes-restapi-poc/node_modules/ts-node/src/index.ts:1617:30)\n    at Module._extensions..js (node:internal/modules/cjs/loader:1310:10)\n    at Object.require.extensions.<computed> [as .ts] (/Users/vincent.llauderes/Desktop/llauderes-restapi-poc/node_modules/ts-node/src/index.ts:1621:12)\n    at Module.load (node:internal/modules/cjs/loader:1119:32)\n    at Function.Module._load (node:internal/modules/cjs/loader:960:12)\n    at Module.require (node:internal/modules/cjs/loader:1143:19)","trace":[{"column":12,"file":"/Users/vincent.llauderes/Desktop/llauderes-restapi-poc/node_modules/ts-node/src/index.ts","function":"createTSError","line":859,"method":null,"native":false},{"column":19,"file":"/Users/vincent.llauderes/Desktop/llauderes-restapi-poc/node_modules/ts-node/src/index.ts","function":"reportTSError","line":863,"method":null,"native":false},{"column":36,"file":"/Users/vincent.llauderes/Desktop/llauderes-restapi-poc/node_modules/ts-node/src/index.ts","function":"getOutput","line":1077,"method":null,"native":false},{"column":41,"file":"/Users/vincent.llauderes/Desktop/llauderes-restapi-poc/node_modules/ts-node/src/index.ts","function":"Object.compile","line":1433,"method":"compile","native":false},{"column":30,"file":"/Users/vincent.llauderes/Desktop/llauderes-restapi-poc/node_modules/ts-node/src/index.ts","function":"Module.m._compile","line":1617,"method":"_compile","native":false},{"column":10,"file":"node:internal/modules/cjs/loader","function":"Module._extensions..js","line":1310,"method":".js","native":false},{"column":12,"file":"/Users/vincent.llauderes/Desktop/llauderes-restapi-poc/node_modules/ts-node/src/index.ts","function":"Object.require.extensions.<computed> [as .ts]","line":1621,"method":"ts]","native":false},{"column":32,"file":"node:internal/modules/cjs/loader","function":"Module.load","line":1119,"method":"load","native":false},{"column":12,"file":"node:internal/modules/cjs/loader","function":"Module._load","line":960,"method":"_load","native":false},{"column":19,"file":"node:internal/modules/cjs/loader","function":"Module.require","line":1143,"method":"require","native":false}]}
{"date":"Thu Mar 21 2024 14:26:20 GMT+0800 (Philippine Standard Time)","error":{"diagnosticCodes":[2304,2304]},"exception":true,"level":"error","message":"uncaughtException: ⨯ Unable to compile TypeScript:\n\u001b[96msrc/routes/book.route.ts\u001b[0m:\u001b[93m138\u001b[0m:\u001b[93m1\u001b[0m - \u001b[91merror\u001b[0m\u001b[90m TS2304: \u001b[0mCannot find name 'next'.\n\n\u001b[7m138\u001b[0m next();\n\u001b[7m   \u001b[0m \u001b[91m~~~~\u001b[0m\n\u001b[96msrc/routes/book.route.ts\u001b[0m:\u001b[93m140\u001b[0m:\u001b[93m16\u001b[0m - \u001b[91merror\u001b[0m\u001b[90m TS2304: \u001b[0mCannot find name 'BookV1Route'.\n\n\u001b[7m140\u001b[0m export default BookV1Route;\n\u001b[7m   \u001b[0m \u001b[91m               ~~~~~~~~~~~\u001b[0m\n\nTSError: ⨯ Unable to compile TypeScript:\n\u001b[96msrc/routes/book.route.ts\u001b[0m:\u001b[93m138\u001b[0m:\u001b[93m1\u001b[0m - \u001b[91merror\u001b[0m\u001b[90m TS2304: \u001b[0mCannot find name 'next'.\n\n\u001b[7m138\u001b[0m next();\n\u001b[7m   \u001b[0m \u001b[91m~~~~\u001b[0m\n\u001b[96msrc/routes/book.route.ts\u001b[0m:\u001b[93m140\u001b[0m:\u001b[93m16\u001b[0m - \u001b[91merror\u001b[0m\u001b[90m TS2304: \u001b[0mCannot find name 'BookV1Route'.\n\n\u001b[7m140\u001b[0m export default BookV1Route;\n\u001b[7m   \u001b[0m \u001b[91m               ~~~~~~~~~~~\u001b[0m\n\n    at createTSError (/Users/vincent.llauderes/Desktop/llauderes-restapi-poc/node_modules/ts-node/src/index.ts:859:12)\n    at reportTSError (/Users/vincent.llauderes/Desktop/llauderes-restapi-poc/node_modules/ts-node/src/index.ts:863:19)\n    at getOutput (/Users/vincent.llauderes/Desktop/llauderes-restapi-poc/node_modules/ts-node/src/index.ts:1077:36)\n    at Object.compile (/Users/vincent.llauderes/Desktop/llauderes-restapi-poc/node_modules/ts-node/src/index.ts:1433:41)\n    at Module.m._compile (/Users/vincent.llauderes/Desktop/llauderes-restapi-poc/node_modules/ts-node/src/index.ts:1617:30)\n    at Module._extensions..js (node:internal/modules/cjs/loader:1310:10)\n    at Object.require.extensions.<computed> [as .ts] (/Users/vincent.llauderes/Desktop/llauderes-restapi-poc/node_modules/ts-node/src/index.ts:1621:12)\n    at Module.load (node:internal/modules/cjs/loader:1119:32)\n    at Function.Module._load (node:internal/modules/cjs/loader:960:12)\n    at Module.require (node:internal/modules/cjs/loader:1143:19)","os":{"loadavg":[5.28466796875,4.33984375,4.06591796875],"uptime":589203},"process":{"argv":["/Users/vincent.llauderes/Desktop/llauderes-restapi-poc/node_modules/.bin/ts-node","/Users/vincent.llauderes/Desktop/llauderes-restapi-poc/src/index.ts"],"cwd":"/Users/vincent.llauderes/Desktop/llauderes-restapi-poc","execPath":"/Users/vincent.llauderes/.nvm/versions/node/v18.18.0/bin/node","gid":20,"memoryUsage":{"arrayBuffers":2627568,"external":4037366,"heapTotal":149078016,"heapUsed":123200584,"rss":248791040},"pid":41183,"uid":504,"version":"v18.18.0"},"service":"llauderes-restapi","stack":"TSError: ⨯ Unable to compile TypeScript:\n\u001b[96msrc/routes/book.route.ts\u001b[0m:\u001b[93m138\u001b[0m:\u001b[93m1\u001b[0m - \u001b[91merror\u001b[0m\u001b[90m TS2304: \u001b[0mCannot find name 'next'.\n\n\u001b[7m138\u001b[0m next();\n\u001b[7m   \u001b[0m \u001b[91m~~~~\u001b[0m\n\u001b[96msrc/routes/book.route.ts\u001b[0m:\u001b[93m140\u001b[0m:\u001b[93m16\u001b[0m - \u001b[91merror\u001b[0m\u001b[90m TS2304: \u001b[0mCannot find name 'BookV1Route'.\n\n\u001b[7m140\u001b[0m export default BookV1Route;\n\u001b[7m   \u001b[0m \u001b[91m               ~~~~~~~~~~~\u001b[0m\n\n    at createTSError (/Users/vincent.llauderes/Desktop/llauderes-restapi-poc/node_modules/ts-node/src/index.ts:859:12)\n    at reportTSError (/Users/vincent.llauderes/Desktop/llauderes-restapi-poc/node_modules/ts-node/src/index.ts:863:19)\n    at getOutput (/Users/vincent.llauderes/Desktop/llauderes-restapi-poc/node_modules/ts-node/src/index.ts:1077:36)\n    at Object.compile (/Users/vincent.llauderes/Desktop/llauderes-restapi-poc/node_modules/ts-node/src/index.ts:1433:41)\n    at Module.m._compile (/Users/vincent.llauderes/Desktop/llauderes-restapi-poc/node_modules/ts-node/src/index.ts:1617:30)\n    at Module._extensions..js (node:internal/modules/cjs/loader:1310:10)\n    at Object.require.extensions.<computed> [as .ts] (/Users/vincent.llauderes/Desktop/llauderes-restapi-poc/node_modules/ts-node/src/index.ts:1621:12)\n    at Module.load (node:internal/modules/cjs/loader:1119:32)\n    at Function.Module._load (node:internal/modules/cjs/loader:960:12)\n    at Module.require (node:internal/modules/cjs/loader:1143:19)","trace":[{"column":12,"file":"/Users/vincent.llauderes/Desktop/llauderes-restapi-poc/node_modules/ts-node/src/index.ts","function":"createTSError","line":859,"method":null,"native":false},{"column":19,"file":"/Users/vincent.llauderes/Desktop/llauderes-restapi-poc/node_modules/ts-node/src/index.ts","function":"reportTSError","line":863,"method":null,"native":false},{"column":36,"file":"/Users/vincent.llauderes/Desktop/llauderes-restapi-poc/node_modules/ts-node/src/index.ts","function":"getOutput","line":1077,"method":null,"native":false},{"column":41,"file":"/Users/vincent.llauderes/Desktop/llauderes-restapi-poc/node_modules/ts-node/src/index.ts","function":"Object.compile","line":1433,"method":"compile","native":false},{"column":30,"file":"/Users/vincent.llauderes/Desktop/llauderes-restapi-poc/node_modules/ts-node/src/index.ts","function":"Module.m._compile","line":1617,"method":"_compile","native":false},{"column":10,"file":"node:internal/modules/cjs/loader","function":"Module._extensions..js","line":1310,"method":".js","native":false},{"column":12,"file":"/Users/vincent.llauderes/Desktop/llauderes-restapi-poc/node_modules/ts-node/src/index.ts","function":"Object.require.extensions.<computed> [as .ts]","line":1621,"method":"ts]","native":false},{"column":32,"file":"node:internal/modules/cjs/loader","function":"Module.load","line":1119,"method":"load","native":false},{"column":12,"file":"node:internal/modules/cjs/loader","function":"Module._load","line":960,"method":"_load","native":false},{"column":19,"file":"node:internal/modules/cjs/loader","function":"Module.require","line":1143,"method":"require","native":false}]}
